{"/Users/af.fozie/Work/Learning/advanced-react-app/src/entities/User/index.ts": {"path":"/Users/af.fozie/Work/Learning/advanced-react-app/src/entities/User/index.ts","statementMap":{},"fnMap":{},"branchMap":{},"s":{},"f":{},"b":{},"_coverageSchema":"1a1c01bbd47fc00a2c39e90264f33305004495a9","hash":"b047610429560971005942d5cb52170885646a6d"}
,"/Users/af.fozie/Work/Learning/advanced-react-app/src/entities/User/model/selectors/getUserAuthData/getUserAuthData.ts": {"path":"/Users/af.fozie/Work/Learning/advanced-react-app/src/entities/User/model/selectors/getUserAuthData/getUserAuthData.ts","statementMap":{"0":{"start":{"line":3,"column":31},"end":{"line":3,"column":74}},"1":{"start":{"line":3,"column":55},"end":{"line":3,"column":74}}},"fnMap":{"0":{"name":"(anonymous_0)","decl":{"start":{"line":3,"column":31},"end":{"line":3,"column":32}},"loc":{"start":{"line":3,"column":55},"end":{"line":3,"column":74}},"line":3}},"branchMap":{},"s":{"0":1,"1":0},"f":{"0":0},"b":{},"_coverageSchema":"1a1c01bbd47fc00a2c39e90264f33305004495a9","hash":"9e72521119941f4c30f04efb20116c1957fc8430"}
,"/Users/af.fozie/Work/Learning/advanced-react-app/src/entities/User/model/slice/UserSlice.ts": {"path":"/Users/af.fozie/Work/Learning/advanced-react-app/src/entities/User/model/slice/UserSlice.ts","statementMap":{"0":{"start":{"line":5,"column":33},"end":{"line":5,"column":35}},"1":{"start":{"line":7,"column":25},"end":{"line":25,"column":2}},"2":{"start":{"line":12,"column":6},"end":{"line":12,"column":30}},"3":{"start":{"line":15,"column":19},"end":{"line":15,"column":52}},"4":{"start":{"line":16,"column":6},"end":{"line":18,"column":7}},"5":{"start":{"line":17,"column":8},"end":{"line":17,"column":41}},"6":{"start":{"line":21,"column":6},"end":{"line":21,"column":27}},"7":{"start":{"line":22,"column":6},"end":{"line":22,"column":42}},"8":{"start":{"line":27,"column":40},"end":{"line":27,"column":49}},"9":{"start":{"line":28,"column":40},"end":{"line":28,"column":49}}},"fnMap":{"0":{"name":"(anonymous_0)","decl":{"start":{"line":11,"column":17},"end":{"line":11,"column":18}},"loc":{"start":{"line":11,"column":62},"end":{"line":13,"column":5}},"line":11},"1":{"name":"(anonymous_1)","decl":{"start":{"line":14,"column":18},"end":{"line":14,"column":19}},"loc":{"start":{"line":14,"column":29},"end":{"line":19,"column":5}},"line":14},"2":{"name":"(anonymous_2)","decl":{"start":{"line":20,"column":12},"end":{"line":20,"column":13}},"loc":{"start":{"line":20,"column":23},"end":{"line":23,"column":5}},"line":20}},"branchMap":{"0":{"loc":{"start":{"line":16,"column":6},"end":{"line":18,"column":7}},"type":"if","locations":[{"start":{"line":16,"column":6},"end":{"line":18,"column":7}},{"start":{},"end":{}}],"line":16}},"s":{"0":1,"1":1,"2":0,"3":0,"4":0,"5":0,"6":0,"7":0,"8":1,"9":1},"f":{"0":0,"1":0,"2":0},"b":{"0":[0,0]},"_coverageSchema":"1a1c01bbd47fc00a2c39e90264f33305004495a9","hash":"ecb6e5a2a6dfaa0acbfe10c0c19ba26eb70b3568"}
,"/Users/af.fozie/Work/Learning/advanced-react-app/src/entities/User/model/types/User.ts": {"path":"/Users/af.fozie/Work/Learning/advanced-react-app/src/entities/User/model/types/User.ts","statementMap":{},"fnMap":{},"branchMap":{},"s":{},"f":{},"b":{},"_coverageSchema":"1a1c01bbd47fc00a2c39e90264f33305004495a9","hash":"cd5d9c9fb616e10b733375e238c6c62d2a15fbdf"}
,"/Users/af.fozie/Work/Learning/advanced-react-app/src/features/AuthByUsername/model/services/loginByUsername/loginByUsername.ts": {"path":"/Users/af.fozie/Work/Learning/advanced-react-app/src/features/AuthByUsername/model/services/loginByUsername/loginByUsername.ts","statementMap":{"0":{"start":{"line":11,"column":31},"end":{"line":31,"column":1}},"1":{"start":{"line":14,"column":4},"end":{"line":29,"column":5}},"2":{"start":{"line":15,"column":23},"end":{"line":15,"column":86}},"3":{"start":{"line":17,"column":6},"end":{"line":19,"column":7}},"4":{"start":{"line":18,"column":8},"end":{"line":18,"column":25}},"5":{"start":{"line":21,"column":6},"end":{"line":21,"column":61}},"6":{"start":{"line":22,"column":6},"end":{"line":22,"column":54}},"7":{"start":{"line":24,"column":6},"end":{"line":24,"column":44}},"8":{"start":{"line":27,"column":6},"end":{"line":27,"column":26}},"9":{"start":{"line":28,"column":6},"end":{"line":28,"column":46}}},"fnMap":{"0":{"name":"(anonymous_0)","decl":{"start":{"line":13,"column":2},"end":{"line":13,"column":3}},"loc":{"start":{"line":13,"column":32},"end":{"line":30,"column":3}},"line":13}},"branchMap":{"0":{"loc":{"start":{"line":17,"column":6},"end":{"line":19,"column":7}},"type":"if","locations":[{"start":{"line":17,"column":6},"end":{"line":19,"column":7}},{"start":{},"end":{}}],"line":17}},"s":{"0":1,"1":0,"2":0,"3":0,"4":0,"5":0,"6":0,"7":0,"8":0,"9":0},"f":{"0":0},"b":{"0":[0,0]},"_coverageSchema":"1a1c01bbd47fc00a2c39e90264f33305004495a9","hash":"4f4ff14131532f82be88168496df7c756260bb36"}
,"/Users/af.fozie/Work/Learning/advanced-react-app/src/features/AuthByUsername/model/slice/LoginSlice.ts": {"path":"/Users/af.fozie/Work/Learning/advanced-react-app/src/features/AuthByUsername/model/slice/LoginSlice.ts","statementMap":{"0":{"start":{"line":5,"column":34},"end":{"line":9,"column":1}},"1":{"start":{"line":11,"column":26},"end":{"line":36,"column":2}},"2":{"start":{"line":16,"column":6},"end":{"line":16,"column":30}},"3":{"start":{"line":19,"column":6},"end":{"line":19,"column":30}},"4":{"start":{"line":23,"column":4},"end":{"line":34,"column":8}},"5":{"start":{"line":25,"column":8},"end":{"line":25,"column":31}},"6":{"start":{"line":26,"column":8},"end":{"line":26,"column":30}},"7":{"start":{"line":29,"column":8},"end":{"line":29,"column":31}},"8":{"start":{"line":32,"column":8},"end":{"line":32,"column":31}},"9":{"start":{"line":33,"column":8},"end":{"line":33,"column":36}},"10":{"start":{"line":38,"column":41},"end":{"line":38,"column":51}},"11":{"start":{"line":39,"column":41},"end":{"line":39,"column":51}}},"fnMap":{"0":{"name":"(anonymous_0)","decl":{"start":{"line":15,"column":17},"end":{"line":15,"column":18}},"loc":{"start":{"line":15,"column":64},"end":{"line":17,"column":5}},"line":15},"1":{"name":"(anonymous_1)","decl":{"start":{"line":18,"column":17},"end":{"line":18,"column":18}},"loc":{"start":{"line":18,"column":64},"end":{"line":20,"column":5}},"line":18},"2":{"name":"(anonymous_2)","decl":{"start":{"line":22,"column":17},"end":{"line":22,"column":18}},"loc":{"start":{"line":22,"column":30},"end":{"line":35,"column":3}},"line":22},"3":{"name":"(anonymous_3)","decl":{"start":{"line":24,"column":40},"end":{"line":24,"column":41}},"loc":{"start":{"line":24,"column":51},"end":{"line":27,"column":7}},"line":24},"4":{"name":"(anonymous_4)","decl":{"start":{"line":28,"column":42},"end":{"line":28,"column":43}},"loc":{"start":{"line":28,"column":53},"end":{"line":30,"column":7}},"line":28},"5":{"name":"(anonymous_5)","decl":{"start":{"line":31,"column":41},"end":{"line":31,"column":42}},"loc":{"start":{"line":31,"column":60},"end":{"line":34,"column":7}},"line":31}},"branchMap":{},"s":{"0":1,"1":1,"2":1,"3":1,"4":1,"5":0,"6":0,"7":0,"8":0,"9":0,"10":1,"11":1},"f":{"0":1,"1":1,"2":1,"3":0,"4":0,"5":0},"b":{},"_coverageSchema":"1a1c01bbd47fc00a2c39e90264f33305004495a9","hash":"1dcd38d786dd6e396d5399a161958568f2be5e32"}
,"/Users/af.fozie/Work/Learning/advanced-react-app/src/shared/const/localStorage.ts": {"path":"/Users/af.fozie/Work/Learning/advanced-react-app/src/shared/const/localStorage.ts","statementMap":{"0":{"start":{"line":1,"column":27},"end":{"line":1,"column":33}}},"fnMap":{},"branchMap":{},"s":{"0":1},"f":{},"b":{},"_coverageSchema":"1a1c01bbd47fc00a2c39e90264f33305004495a9","hash":"46e89a29b951429c4c5ecffa6ed1ded71e6bbdb5"}
}
