TN:
SF:src/app/providers/StoreProvider/index.ts
FNF:0
FNH:0
LF:0
LH:0
BRF:0
BRH:0
end_of_record
TN:
SF:src/app/providers/StoreProvider/config/store.ts
FN:5,createReduxStore
FNF:1
FNH:1
FNDA:3,createReduxStore
DA:6,3
LF:1
LH:1
BRF:0
BRH:0
end_of_record
TN:
SF:src/app/providers/StoreProvider/ui/StoreProvider.tsx
FN:12,(anonymous_0)
FNF:1
FNH:1
FNDA:3,(anonymous_0)
DA:12,1
DA:13,3
DA:15,3
LF:3
LH:3
BRF:0
BRH:0
end_of_record
TN:
SF:src/entities/Counter/index.ts
FNF:0
FNH:0
LF:0
LH:0
BRF:0
BRH:0
end_of_record
TN:
SF:src/entities/Counter/model/selectors/getCounter/getCounter.ts
FN:3,(anonymous_0)
FNF:1
FNH:1
FNDA:5,(anonymous_0)
DA:3,5
LF:1
LH:1
BRF:0
BRH:0
end_of_record
TN:
SF:src/entities/Counter/model/selectors/getCounterValue/getCounterValue.ts
FN:5,(anonymous_0)
FNF:1
FNH:1
FNDA:5,(anonymous_0)
DA:5,5
LF:1
LH:1
BRF:0
BRH:0
end_of_record
TN:
SF:src/entities/Counter/model/slice/CounterSlice.ts
FN:12,(anonymous_0)
FN:15,(anonymous_1)
FNF:2
FNH:2
FNDA:1,(anonymous_0)
FNDA:1,(anonymous_1)
DA:4,1
DA:8,1
DA:13,1
DA:16,1
DA:21,1
DA:22,1
LF:6
LH:6
BRF:0
BRH:0
end_of_record
TN:
SF:src/entities/Counter/ui/Counter.tsx
FN:7,(anonymous_0)
FN:10,(anonymous_1)
FN:13,(anonymous_2)
FNF:3
FNH:3
FNDA:5,(anonymous_0)
FNDA:1,(anonymous_1)
FNDA:1,(anonymous_2)
DA:7,1
DA:8,5
DA:9,5
DA:10,5
DA:11,1
DA:13,5
DA:14,1
DA:17,5
LF:8
LH:8
BRF:0
BRH:0
end_of_record
TN:
SF:src/shared/config/i18n/i18nForTesting.ts
FNF:0
FNH:0
DA:4,1
LF:1
LH:1
BRF:0
BRH:0
end_of_record
TN:
SF:src/shared/lib/classNames/classNames.ts
FN:3,classNames
FN:7,(anonymous_1)
FN:8,(anonymous_2)
FNF:3
FNH:2
FNDA:10,classNames
FNDA:10,(anonymous_1)
FNDA:0,(anonymous_2)
DA:4,10
DA:7,10
DA:8,0
LF:3
LH:2
BRDA:3,0,0,0
BRDA:3,1,0,0
BRF:2
BRH:0
end_of_record
TN:
SF:src/shared/lib/testing/componentRender/componentRender.tsx
FN:14,(anonymous_0)
FNF:1
FNH:1
FNDA:3,(anonymous_0)
DA:14,1
DA:18,3
DA:20,3
LF:3
LH:3
BRDA:14,0,0,0
BRDA:16,1,0,3
BRF:2
BRH:1
end_of_record
TN:
SF:src/shared/ui/Button/Button.tsx
FN:26,(anonymous_0)
FNF:1
FNH:1
FNDA:10,(anonymous_0)
DA:26,1
DA:34,10
DA:36,10
DA:40,10
LF:4
LH:4
BRDA:32,0,0,10
BRF:1
BRH:1
end_of_record
TN:
SF:src/shared/ui/Icon/Icon.tsx
FN:15,(anonymous_0)
FNF:1
FNH:1
FNDA:5,(anonymous_0)
DA:15,1
DA:16,5
LF:2
LH:2
BRDA:15,0,0,5
BRF:1
BRH:1
end_of_record
